# JRE version: Java(TM) SE Runtime Environment (8.0_45-b14) (build 1.8.0_45-b14)
# Java VM: Java HotSpot(TM) 64-Bit Server VM (25.45-b02 mixed mode bsd-amd64 compressed oops)
Heap:
 PSYoungGen      total 549888K, used 215266K [0x000000076ab00000, 0x000000078ed80000, 0x00000007c0000000)
  eden space 524288K, 41% used [0x000000076ab00000,0x0000000777d38860,0x000000078ab00000)
  from space 25600K, 0% used [0x000000078d480000,0x000000078d480000,0x000000078ed80000)
  to   space 30208K, 0% used [0x000000078b280000,0x000000078b280000,0x000000078d000000)
 ParOldGen       total 232448K, used 59042K [0x00000006c0000000, 0x00000006ce300000, 0x000000076ab00000)
  object space 232448K, 25% used [0x00000006c0000000,0x00000006c39a88e0,0x00000006ce300000)
 Metaspace       used 62357K, capacity 63244K, committed 63576K, reserved 1105920K
  class space    used 7020K, capacity 7182K, committed 7296K, reserved 1048576K
GC Heap History (10 events):
Event: 6.848 GC heap before
{Heap before GC invocations=9 (full 1):
 PSYoungGen      total 272896K, used 252125K [0x000000076ab00000, 0x0000000787080000, 0x00000007c0000000)
  eden space 260096K, 92% used [0x000000076ab00000,0x00000007794becb0,0x000000077a900000)
  from space 12800K, 99% used [0x000000077a900000,0x000000077b578a20,0x000000077b580000)
  to   space 19456K, 0% used [0x0000000785d80000,0x0000000785d80000,0x0000000787080000)
 ParOldGen       total 98304K, used 19527K [0x00000006c0000000, 0x00000006c6000000, 0x000000076ab00000)
  object space 98304K, 19% used [0x00000006c0000000,0x00000006c1311d08,0x00000006c6000000)
 Metaspace       used 34757K, capacity 35174K, committed 35416K, reserved 1081344K
  class space    used 4086K, capacity 4197K, committed 4224K, reserved 1048576K
Event: 6.872 GC heap after
Heap after GC invocations=9 (full 1):
 PSYoungGen      total 437248K, used 19430K [0x000000076ab00000, 0x0000000787200000, 0x00000007c0000000)
  eden space 417792K, 0% used [0x000000076ab00000,0x000000076ab00000,0x0000000784300000)
  from space 19456K, 99% used [0x0000000785d80000,0x0000000787079970,0x0000000787080000)
  to   space 24064K, 0% used [0x0000000784300000,0x0000000784300000,0x0000000785a80000)
 ParOldGen       total 98304K, used 23158K [0x00000006c0000000, 0x00000006c6000000, 0x000000076ab00000)
  object space 98304K, 23% used [0x00000006c0000000,0x00000006c169db90,0x00000006c6000000)
 Metaspace       used 34757K, capacity 35174K, committed 35416K, reserved 1081344K
  class space    used 4086K, capacity 4197K, committed 4224K, reserved 1048576K
}
Event: 6.872 GC heap before
{Heap before GC invocations=10 (full 2):
 PSYoungGen      total 437248K, used 19430K [0x000000076ab00000, 0x0000000787200000, 0x00000007c0000000)
  eden space 417792K, 0% used [0x000000076ab00000,0x000000076ab00000,0x0000000784300000)
  from space 19456K, 99% used [0x0000000785d80000,0x0000000787079970,0x0000000787080000)
  to   space 24064K, 0% used [0x0000000784300000,0x0000000784300000,0x0000000785a80000)
 ParOldGen       total 98304K, used 23158K [0x00000006c0000000, 0x00000006c6000000, 0x000000076ab00000)
  object space 98304K, 23% used [0x00000006c0000000,0x00000006c169db90,0x00000006c6000000)
 Metaspace       used 34757K, capacity 35174K, committed 35416K, reserved 1081344K
  class space    used 4086K, capacity 4197K, committed 4224K, reserved 1048576K
Event: 6.961 GC heap after
Heap after GC invocations=10 (full 2):
 PSYoungGen      total 437248K, used 0K [0x000000076ab00000, 0x0000000787200000, 0x00000007c0000000)
  eden space 417792K, 0% used [0x000000076ab00000,0x000000076ab00000,0x0000000784300000)
  from space 19456K, 0% used [0x0000000785d80000,0x0000000785d80000,0x0000000787080000)
  to   space 24064K, 0% used [0x0000000784300000,0x0000000784300000,0x0000000785a80000)
 ParOldGen       total 170496K, used 36708K [0x00000006c0000000, 0x00000006ca680000, 0x000000076ab00000)
  object space 170496K, 21% used [0x00000006c0000000,0x00000006c23d92a0,0x00000006ca680000)
 Metaspace       used 34757K, capacity 35174K, committed 35416K, reserved 1081344K
  class space    used 4086K, capacity 4197K, committed 4224K, reserved 1048576K
}
Event: 9.207 GC heap before
{Heap before GC invocations=11 (full 2):
 PSYoungGen      total 437248K, used 417792K [0x000000076ab00000, 0x0000000787200000, 0x00000007c0000000)
  eden space 417792K, 100% used [0x000000076ab00000,0x0000000784300000,0x0000000784300000)
  from space 19456K, 0% used [0x0000000785d80000,0x0000000785d80000,0x0000000787080000)
  to   space 24064K, 0% used [0x0000000784300000,0x0000000784300000,0x0000000785a80000)
 ParOldGen       total 170496K, used 36708K [0x00000006c0000000, 0x00000006ca680000, 0x000000076ab00000)
  object space 170496K, 21% used [0x00000006c0000000,0x00000006c23d92a0,0x00000006ca680000)
 Metaspace       used 44768K, capacity 45272K, committed 45656K, reserved 1089536K
  class space    used 5318K, capacity 5427K, committed 5504K, reserved 1048576K
Event: 9.230 GC heap after
Heap after GC invocations=11 (full 2):
 PSYoungGen      total 441856K, used 17481K [0x000000076ab00000, 0x000000078ed80000, 0x00000007c0000000)
  eden space 417792K, 0% used [0x000000076ab00000,0x000000076ab00000,0x0000000784300000)
  from space 24064K, 72% used [0x0000000784300000,0x00000007854125f8,0x0000000785a80000)
  to   space 25600K, 0% used [0x000000078d480000,0x000000078d480000,0x000000078ed80000)
 ParOldGen       total 170496K, used 36716K [0x00000006c0000000, 0x00000006ca680000, 0x000000076ab00000)
  object space 170496K, 21% used [0x00000006c0000000,0x00000006c23db2a0,0x00000006ca680000)
 Metaspace       used 44768K, capacity 45272K, committed 45656K, reserved 1089536K
  class space    used 5318K, capacity 5427K, committed 5504K, reserved 1048576K
}
Event: 41.548 GC heap before
{Heap before GC invocations=12 (full 2):
 PSYoungGen      total 441856K, used 365122K [0x000000076ab00000, 0x000000078ed80000, 0x00000007c0000000)
  eden space 417792K, 83% used [0x000000076ab00000,0x000000077fe7e270,0x0000000784300000)
  from space 24064K, 72% used [0x0000000784300000,0x00000007854125f8,0x0000000785a80000)
  to   space 25600K, 0% used [0x000000078d480000,0x000000078d480000,0x000000078ed80000)
 ParOldGen       total 170496K, used 36716K [0x00000006c0000000, 0x00000006ca680000, 0x000000076ab00000)
  object space 170496K, 21% used [0x00000006c0000000,0x00000006c23db2a0,0x00000006ca680000)
 Metaspace       used 57979K, capacity 58578K, committed 59028K, reserved 1101824K
  class space    used 6628K, capacity 6797K, committed 6912K, reserved 1048576K
Event: 41.586 GC heap after
Heap after GC invocations=12 (full 2):
 PSYoungGen      total 549888K, used 25581K [0x000000076ab00000, 0x000000078ed80000, 0x00000007c0000000)
  eden space 524288K, 0% used [0x000000076ab00000,0x000000076ab00000,0x000000078ab00000)
  from space 25600K, 99% used [0x000000078d480000,0x000000078ed7b4b0,0x000000078ed80000)
  to   space 30208K, 0% used [0x000000078b280000,0x000000078b280000,0x000000078d000000)
 ParOldGen       total 170496K, used 39529K [0x00000006c0000000, 0x00000006ca680000, 0x000000076ab00000)
  object space 170496K, 23% used [0x00000006c0000000,0x00000006c269a7e0,0x00000006ca680000)
 Metaspace       used 57979K, capacity 58578K, committed 59028K, reserved 1101824K
  class space    used 6628K, capacity 6797K, committed 6912K, reserved 1048576K
}
Event: 41.586 GC heap before
{Heap before GC invocations=13 (full 3):
 PSYoungGen      total 549888K, used 25581K [0x000000076ab00000, 0x000000078ed80000, 0x00000007c0000000)
  eden space 524288K, 0% used [0x000000076ab00000,0x000000076ab00000,0x000000078ab00000)
  from space 25600K, 99% used [0x000000078d480000,0x000000078ed7b4b0,0x000000078ed80000)
  to   space 30208K, 0% used [0x000000078b280000,0x000000078b280000,0x000000078d000000)
 ParOldGen       total 170496K, used 39529K [0x00000006c0000000, 0x00000006ca680000, 0x000000076ab00000)
  object space 170496K, 23% used [0x00000006c0000000,0x00000006c269a7e0,0x00000006ca680000)
 Metaspace       used 57979K, capacity 58578K, committed 59028K, reserved 1101824K
  class space    used 6628K, capacity 6797K, committed 6912K, reserved 1048576K
Event: 41.783 GC heap after
Heap after GC invocations=13 (full 3):
 PSYoungGen      total 549888K, used 0K [0x000000076ab00000, 0x000000078ed80000, 0x00000007c0000000)
  eden space 524288K, 0% used [0x000000076ab00000,0x000000076ab00000,0x000000078ab00000)
  from space 25600K, 0% used [0x000000078d480000,0x000000078d480000,0x000000078ed80000)
  to   space 30208K, 0% used [0x000000078b280000,0x000000078b280000,0x000000078d000000)
 ParOldGen       total 232448K, used 59042K [0x00000006c0000000, 0x00000006ce300000, 0x000000076ab00000)
  object space 232448K, 25% used [0x00000006c0000000,0x00000006c39a88e0,0x00000006ce300000)
 Metaspace       used 57964K, capacity 58554K, committed 59028K, reserved 1101824K
  class space    used 6626K, capacity 6793K, committed 6912K, reserved 1048576K
}

